{
  "RSpec": {
    "coverage": {
      "/Users/casefaz/turing/1mod/projects/futbol/spec/stat_tracker_spec.rb": {
        "lines": [
          1,
          null,
          null,
          1,
          1,
          4,
          4,
          4,
          null,
          null,
          4,
          null,
          null,
          null,
          4,
          null,
          null,
          null,
          1,
          1,
          null,
          null,
          1,
          1,
          1,
          1,
          null,
          null,
          null,
          null,
          null,
          null,
          null,
          null,
          null,
          null,
          null,
          null,
          1,
          1,
          1,
          null,
          null,
          1,
          1,
          1,
          null,
          null,
          1,
          0,
          null,
          null,
          null,
          null,
          null
        ]
      },
      "/Users/casefaz/turing/1mod/projects/futbol/lib/stat_tracker.rb": {
        "lines": [
          1,
          1,
          1,
          1,
          null,
          1,
          1,
          null,
          1,
          4,
          null,
          4,
          null,
          4,
          null,
          null,
          4,
          4,
          4,
          null,
          null,
          1,
          4,
          null,
          null,
          1,
          1,
          1,
          20,
          null,
          20,
          null,
          1,
          null,
          null,
          1,
          1,
          0,
          null,
          null,
          null
        ]
      },
      "/Users/casefaz/turing/1mod/projects/futbol/lib/game.rb": {
        "lines": [
          null,
          1,
          null,
          1,
          null,
          null,
          1,
          null,
          null,
          null,
          80,
          80,
          80,
          80,
          80,
          80,
          80,
          80,
          80,
          80,
          null,
          null,
          1,
          4,
          4,
          80,
          80,
          80,
          80,
          80,
          80,
          80,
          80,
          80,
          80,
          80,
          null,
          null,
          null,
          4,
          null,
          null,
          null,
          null
        ]
      },
      "/Users/casefaz/turing/1mod/projects/futbol/lib/team.rb": {
        "lines": [
          null,
          null,
          1,
          null,
          1,
          1,
          128,
          128,
          128,
          128,
          128,
          128,
          null,
          null,
          1,
          4,
          4,
          128,
          128,
          128,
          128,
          128,
          128,
          128,
          null,
          null,
          4,
          null,
          null
        ]
      },
      "/Users/casefaz/turing/1mod/projects/futbol/lib/game_teams.rb": {
        "lines": [
          1,
          1,
          null,
          null,
          null,
          1,
          null,
          null,
          160,
          160,
          160,
          160,
          160,
          160,
          160,
          160,
          160,
          160,
          160,
          160,
          160,
          160,
          160,
          null,
          null,
          1,
          4,
          4,
          160,
          160,
          160,
          160,
          160,
          160,
          160,
          160,
          160,
          160,
          160,
          160,
          160,
          160,
          160,
          160,
          null,
          null,
          null,
          4,
          null,
          null,
          null,
          null
        ]
      },
      "/Users/casefaz/turing/1mod/projects/futbol/spec/team_spec.rb": {
        "lines": [
          1,
          1,
          null,
          1,
          1,
          0,
          0,
          0,
          null,
          null,
          1,
          0,
          0,
          0,
          null,
          null,
          1,
          0,
          0,
          0,
          null,
          null,
          1,
          0,
          0,
          0,
          null,
          null,
          null,
          1,
          0,
          0,
          0,
          null,
          null,
          1,
          0,
          0,
          0,
          null,
          null,
          1,
          0,
          0,
          0,
          null,
          null,
          null,
          1,
          0,
          0,
          0,
          null,
          null
        ]
      },
      "/Users/casefaz/turing/1mod/projects/futbol/spec/game_spec.rb": {
        "lines": [
          1,
          1,
          null,
          1,
          1,
          0,
          0,
          0,
          null,
          null,
          1,
          0,
          0,
          0,
          null,
          null,
          1,
          0,
          0,
          0,
          null,
          null,
          1,
          0,
          0,
          0,
          null,
          null,
          1,
          0,
          0,
          0,
          null,
          null,
          1,
          0,
          0,
          0,
          null,
          null,
          1,
          0,
          0,
          0,
          null,
          null,
          1,
          0,
          0,
          0,
          null,
          null,
          1,
          0,
          0,
          0,
          null,
          null,
          1,
          0,
          0,
          0,
          null,
          null,
          1,
          0,
          0,
          0,
          null,
          null,
          1,
          0,
          0,
          0,
          null,
          null,
          null,
          null
        ]
      },
      "/Users/casefaz/turing/1mod/projects/futbol/spec/game_teams_spec.rb": {
        "lines": [
          1,
          1,
          1,
          null,
          1,
          1,
          0,
          0,
          0,
          null,
          null,
          1,
          0,
          0,
          0,
          null,
          null,
          1,
          0,
          0,
          0,
          null,
          null,
          1,
          0,
          0,
          0,
          null,
          null,
          1,
          0,
          0,
          0,
          null,
          null,
          1,
          0,
          0,
          0,
          null,
          null,
          1,
          0,
          0,
          0,
          null,
          null,
          1,
          0,
          0,
          0,
          null,
          null,
          1,
          0,
          0,
          0,
          null,
          null,
          1,
          0,
          0,
          0,
          null,
          null,
          1,
          0,
          0,
          0,
          null,
          null,
          1,
          0,
          0,
          0,
          null,
          null,
          1,
          0,
          0,
          0,
          null,
          null,
          1,
          0,
          0,
          0,
          null,
          null,
          1,
          0,
          0,
          0,
          null,
          null,
          1,
          0,
          0,
          0,
          null,
          null,
          1,
          0,
          0,
          0,
          null,
          null
        ]
      },
      "/Users/casefaz/turing/1mod/projects/futbol/spec/game_stat_spec.rb": {
        "lines": [
          1,
          1,
          null,
          1,
          1,
          0,
          0,
          0,
          null,
          null,
          0,
          null,
          null,
          null,
          0,
          null,
          null,
          null,
          null,
          null,
          null,
          null,
          null,
          null,
          null,
          null,
          null
        ]
      },
      "/Users/casefaz/turing/1mod/projects/futbol/lib/game_stats.rb": {
        "lines": [
          1,
          null,
          1,
          1,
          0,
          null,
          null,
          null,
          null,
          null,
          null,
          null,
          null,
          null,
          null,
          null,
          null,
          null,
          null,
          null,
          null,
          null,
          null,
          null,
          null,
          null,
          null,
          null,
          null,
          null,
          null,
          null,
          null,
          null,
          null,
          null,
          null
        ]
      }
    },
    "timestamp": 1649985180
  }
}
